[22:05:02] [main/INFO] (FabricLoader) Loading for game Minecraft 1.16.5
[22:05:03] [main/INFO] (Fabric|Loader) [FabricLoader] Loading 48 mods: minecraft@1.16.5, fabric-screen-handler-api-v1@1.1.1+ca58154a7d, fabric-networking-blockentity-v0@0.2.8+ca58154a7d, fabric-renderer-api-v1@0.4.1+ca58154a7d, fabric-keybindings-v0@0.2.1+ca58154a7d, fabric-command-api-v1@1.0.10+ca58154a7d, fabricloader@0.11.1, fabric-screen-api-v1@1.0.0+c045166c7d, fabric-tool-attribute-api-v1@1.2.6+ca58154a7d, fabric-renderer-indigo@0.4.4+ca58154a7d, fabric-structure-api-v1@1.1.4+ca58154a7d, fabric-containers-v0@0.1.10+ca58154a7d, fabric-object-builder-api-v1@1.9.3+ca58154a7d, fabric-dimensions-v1@2.0.2+ca58154a7d, java@8, fabric-crash-report-info-v1@0.1.3+ca58154a7d, fabric-item-api-v1@1.2.1+ca58154a7d, fabric-events-interaction-v0@0.4.2+ca58154a7d, fabric-game-rule-api-v1@1.0.6+ca58154a7d, fabric-entity-events-v1@1.0.3+ca58154a7d, fabric-api-base@0.2.0+daa38b3d7d, fabric-rendering-v0@1.1.2+ca58154a7d, fabric-key-binding-api-v1@1.0.2+ca58154a7d, fabric-rendering-v1@1.5.1+ca58154a7d, fabric-rendering-data-attachment-v1@0.1.5+ca58154a7d, fabric-resource-loader-v0@0.4.2+ca58154a7d, ngeuf@1.0.0, fabric-textures-v0@1.0.6+ca58154a7d, fabric-content-registries-v0@0.2.1+ca58154a7d, fabric-tag-extensions-v0@1.1.1+ca58154a7d, fabric-biome-api-v1@3.1.1+ca58154a7d, fabric-rendering-fluids-v1@0.1.13+ca58154a7d, fabric-commands-v0@0.2.2+ca58154a7d, fabric-registry-sync-v0@0.7.4+ca58154a7d, fabric-blockrenderlayer-v1@1.1.5+ca58154a7d, fabric-lifecycle-events-v1@1.2.1+ca58154a7d, fabric-mining-levels-v0@0.1.3+ca58154a7d, fabric-renderer-registries-v1@2.2.1+ca58154a7d, fabric-networking-api-v1@1.0.1+ca58154a7d, fabric-events-lifecycle-v0@0.2.1+ca58154a7d, fabric-loot-tables-v1@1.0.2+ca58154a7d, fabric@0.30.0+1.16, fabric-item-groups-v0@0.2.3+ca58154a7d, fabric-models-v0@0.2.1+ca58154a7d, fabric-particles-v1@0.2.4+ca58154a7d, geckolib3@3.0.20, fabric-object-builders-v0@0.7.2+ca58154a7d, fabric-networking-v0@0.3.2+ca58154a7d
[22:05:03] [main/INFO] (mixin) SpongePowered MIXIN Subsystem Version=0.8.2 Source=file:/C:/Users/Admin/.gradle/caches/modules-2/files-2.1/net.fabricmc/sponge-mixin/0.8.2+build.24/e5a741445d0f425bf3cce946c6cf8c7fb8376b2/sponge-mixin-0.8.2+build.24.jar Service=Knot/Fabric Env=CLIENT
[22:05:04] [main/INFO] (Fabric|MixinBootstrap) Loaded Fabric development mappings for mixin remapper!
[22:05:05] [main/INFO] (mixin) Remapping refMap fabric-networking-blockentity-v0-refmap.json using remapper chain
[22:05:05] [main/INFO] (mixin) Remapping refMap fabric-screen-handler-api-v1-refmap.json using remapper chain
[22:05:05] [main/INFO] (mixin) Remapping refMap fabric-lifecycle-events-v1-refmap.json using remapper chain
[22:05:05] [main/INFO] (mixin) Remapping refMap fabric-containers-v0-refmap.json using remapper chain
[22:05:05] [main/INFO] (mixin) Remapping refMap fabric-renderer-indigo-refmap.json using remapper chain
[22:05:05] [main/INFO] (mixin) Remapping refMap fabric-rendering-data-attachment-v1-refmap.json using remapper chain
[22:05:05] [main/INFO] (mixin) Remapping refMap fabric-structure-api-v1-refmap.json using remapper chain
[22:05:05] [main/INFO] (mixin) Remapping refMap fabric-item-api-v1-refmap.json using remapper chain
[22:05:05] [main/INFO] (mixin) Remapping refMap fabric-events-interaction-v0-refmap.json using remapper chain
[22:05:05] [main/INFO] (mixin) Remapping refMap fabric-loot-tables-v1-refmap.json using remapper chain
[22:05:05] [main/INFO] (mixin) Remapping refMap fabric-object-builder-api-v1-refmap.json using remapper chain
[22:05:05] [main/INFO] (mixin) Remapping refMap fabric-screen-api-v1-refmap.json using remapper chain
[22:05:05] [main/INFO] (mixin) Remapping refMap fabric-dimensions-v1-refmap.json using remapper chain
[22:05:05] [main/INFO] (mixin) Remapping refMap fabric-renderer-registries-v1-refmap.json using remapper chain
[22:05:05] [main/INFO] (mixin) Remapping refMap fabric-textures-v0-refmap.json using remapper chain
[22:05:05] [main/INFO] (mixin) Remapping refMap fabric-registry-sync-v0-refmap.json using remapper chain
[22:05:05] [main/INFO] (mixin) Remapping refMap fabric-models-v0-refmap.json using remapper chain
[22:05:05] [main/INFO] (mixin) Remapping refMap fabric-blockrenderlayer-v1-refmap.json using remapper chain
[22:05:05] [main/INFO] (mixin) Remapping refMap fabric-renderer-api-v1-refmap.json using remapper chain
[22:05:05] [main/INFO] (mixin) Remapping refMap fabric-containers-v0-refmap.json using remapper chain
[22:05:05] [main/INFO] (mixin) Remapping refMap fabric-rendering-fluids-v1-refmap.json using remapper chain
[22:05:05] [main/INFO] (mixin) Remapping refMap fabric-biome-api-v1-refmap.json using remapper chain
[22:05:05] [main/INFO] (mixin) Remapping refMap fabric-resource-loader-v0-refmap.json using remapper chain
[22:05:05] [main/INFO] (mixin) Remapping refMap fabric-game-rule-api-v1-refmap.json using remapper chain
[22:05:05] [main/INFO] (mixin) Remapping refMap fabric-networking-api-v1-refmap.json using remapper chain
[22:05:05] [main/INFO] (mixin) Remapping refMap fabric-particles-v1-refmap.json using remapper chain
[22:05:05] [main/INFO] (mixin) Remapping refMap fabric-object-builders-refmap.json using remapper chain
[22:05:05] [main/INFO] (mixin) Remapping refMap fabric-tag-extensions-v0-refmap.json using remapper chain
[22:05:05] [main/INFO] (mixin) Remapping refMap fabric-tool-attribute-api-v1-refmap.json using remapper chain
[22:05:05] [main/INFO] (mixin) Remapping refMap fabric-rendering-v1-refmap.json using remapper chain
[22:05:05] [main/INFO] (mixin) Remapping refMap fabric-item-groups-v0-refmap.json using remapper chain
[22:05:05] [main/INFO] (mixin) Remapping refMap fabric-content-registries-v0-refmap.json using remapper chain
[22:05:05] [main/INFO] (mixin) Remapping refMap fabric-command-api-v1-refmap.json using remapper chain
[22:05:05] [main/INFO] (mixin) Remapping refMap fabric-crash-report-info-v1-refmap.json using remapper chain
[22:05:05] [main/INFO] (mixin) Remapping refMap fabric-entity-events-v1-refmap.json using remapper chain
[22:05:05] [main/INFO] (mixin) Remapping refMap fabric-key-binding-api-v1-refmap.json using remapper chain
[22:05:05] [main/INFO] (mixin) Remapping refMap fabric-renderer-api-v1-refmap.json using remapper chain
[22:05:05] [main/WARN] (mixin) @Mixin target net/minecraft/client/render/block/BlockModelRenderer$AmbientOcclusionCalculator is public in fabric-renderer-indigo.mixins.json:MixinAmbientOcclusionCalculator and should be specified in value
[22:05:05] [main/WARN] (mixin) @Mixin target net/minecraft/client/render/chunk/ChunkBuilder$BuiltChunk$RebuildTask is public in fabric-renderer-indigo.mixins.json:MixinChunkRebuildTask and should be specified in value
[22:05:05] [main/WARN] (mixin) @Mixin target net/minecraft/village/TradeOffers$TypeAwareBuyForOneEmeraldFactory is public in fabric-object-builder-v1.mixins.json:TypeAwareTradeMixin and should be specified in value
[22:05:06] [main/WARN] (mixin) @Mixin target net/minecraft/client/font/FontManager$1 is public in fabric-resource-loader-v0.mixins.json:client.FontManagerResourceReloadListenerMixin and should be specified in value
[22:05:06] [main/WARN] (mixin) @Mixin target net/minecraft/server/command/GameRuleCommand$1 is public in fabric-game-rule-api-v1.mixins.json:GameRuleCommandVisitorMixin and should be specified in value
[22:05:06] [main/WARN] (mixin) @Mixin target net/minecraft/client/gui/screen/world/EditGameRulesScreen$RuleListWidget$1 is public in fabric-game-rule-api-v1.mixins.json:client.RuleListWidgetVisitorMixin and should be specified in value
[22:05:06] [main/WARN] (mixin) @Mixin target net/minecraft/server/world/ThreadedAnvilChunkStorage$EntityTracker is public in fabric-networking-api-v1.mixins.json:accessor.EntityTrackerAccessor and should be specified in value
[22:05:06] [main/WARN] (mixin) @Mixin target net/minecraft/client/particle/ParticleManager$SimpleSpriteProvider is public in fabric-particles-v1.mixins.json:ParticleManagerAccessor$SimpleSpriteProviderAccessor and should be specified in value
[22:05:06] [main/WARN] (mixin) @Mixin target net/minecraft/tag/Tag$1 is public in fabric-tag-extensions-v0.mixins.json:MixinTagImpl and should be specified in value
[22:05:06] [main/WARN] (mixin) @Mixin target net/minecraft/tag/RequiredTagList$TagWrapper is public in fabric-tag-extensions-v0.mixins.json:MixinTagImpl and should be specified in value
[22:05:18] [main/INFO] (Minecraft) Environment: authHost='https://authserver.mojang.com', accountsHost='https://api.mojang.com', sessionHost='https://sessionserver.mojang.com', servicesHost='https://api.minecraftservices.com', name='PROD'
[22:05:27] [main/ERROR] (Minecraft) Failed to verify authentication
com.mojang.authlib.exceptions.AuthenticationUnavailableException: null
	at com.mojang.authlib.yggdrasil.YggdrasilSocialInteractionsService.checkPrivileges(YggdrasilSocialInteractionsService.java:97) ~[authlib-2.1.28.jar:?]
	at com.mojang.authlib.yggdrasil.YggdrasilSocialInteractionsService.<init>(YggdrasilSocialInteractionsService.java:40) ~[authlib-2.1.28.jar:?]
	at com.mojang.authlib.yggdrasil.YggdrasilAuthenticationService.createSocialInteractionsService(YggdrasilAuthenticationService.java:152) ~[authlib-2.1.28.jar:?]
	at net.minecraft.client.MinecraftClient.method_31382(MinecraftClient.java:563) [minecraft-1.16.5-mapped-net.fabricmc.yarn-1.16.5+build.1-v2.jar:?]
	at net.minecraft.client.MinecraftClient.<init>(MinecraftClient.java:398) [minecraft-1.16.5-mapped-net.fabricmc.yarn-1.16.5+build.1-v2.jar:?]
	at net.minecraft.client.main.Main.main(Main.java:149) [minecraft-1.16.5-mapped-net.fabricmc.yarn-1.16.5+build.1-v2.jar:?]
	at sun.reflect.NativeMethodAccessorImpl.invoke0(Native Method) ~[?:1.8.0_271]
	at sun.reflect.NativeMethodAccessorImpl.invoke(NativeMethodAccessorImpl.java:62) ~[?:1.8.0_271]
	at sun.reflect.DelegatingMethodAccessorImpl.invoke(DelegatingMethodAccessorImpl.java:43) ~[?:1.8.0_271]
	at java.lang.reflect.Method.invoke(Method.java:498) ~[?:1.8.0_271]
	at net.fabricmc.loader.game.MinecraftGameProvider.launch(MinecraftGameProvider.java:226) [fabric-loader-0.11.1@net.fabricmc.yarn.1_16_5.1.16.5+build.1-v2.jar:?]
	at net.fabricmc.loader.launch.knot.Knot.init(Knot.java:139) [fabric-loader-0.11.1@net.fabricmc.yarn.1_16_5.1.16.5+build.1-v2.jar:?]
	at net.fabricmc.loader.launch.knot.KnotClient.main(KnotClient.java:27) [fabric-loader-0.11.1@net.fabricmc.yarn.1_16_5.1.16.5+build.1-v2.jar:?]
	at net.fabricmc.devlaunchinjector.Main.main(Main.java:86) [dev-launch-injector-0.2.1+build.8.jar:?]
[22:05:27] [main/INFO] (Minecraft) Setting user: Player719
[22:05:27] [main/ERROR] (Minecraft) No data fixer registered for geoexampleentity
[22:05:27] [main/ERROR] (Minecraft) No data fixer registered for bikeentity
[22:05:28] [main/INFO] (Indigo) [Indigo] Registering Indigo renderer!
[22:05:28] [main/INFO] (Minecraft) Backend library: LWJGL version 3.2.2 build 10
[22:05:39] [main/INFO] (Minecraft) Narrator library for x64 successfully loaded
[22:05:39] [main/INFO] (Minecraft) Reloading ResourceManager: Default, Fabric Mods (Fabric Screen Handler API (v1), Fabric Networking Block Entity (v0), Fabric Renderer API (v1), Fabric Key Bindings (v0), Fabric Command API (v1), Fabric Loader, Fabric Screen API (v1), Fabric Tool Attribute API (v1), Fabric Renderer - Indigo, Fabric Structure API (v1), Fabric Containers (v0), Fabric Object Builder API (v1), Fabric Crash Report Info (v1), Fabric Item API (v1), Fabric Events Interaction (v0), Fabric Game Rule API (v1), Fabric Entity Events (v1), Fabric API Base, Fabric Rendering (v0), Fabric Key Binding API (v1), Fabric Rendering (v1), Fabric Rendering Data Attachment (v1), Fabric Resource Loader (v0), Neon Genesis Evanglion Mod - Ultra Futurised, Fabric Textures (v0), Fabric Content Registries (v0), Fabric Tag Extensions (v0), Fabric Biome API (v1), Fabric Rendering Fluids (v1), Fabric Commands (v0), Fabric Registry Sync (v0), Fabric BlockRenderLayer Registration (v1), Fabric Lifecycle Events (v1), Fabric Mining Levels (v0), Fabric Renderer Registries (v1), Fabric Networking API (v1), Fabric Events Lifecycle (v0), Fabric Loot Tables (v1), Fabric API, Fabric Item Groups (v0), Fabric Models (v0), Fabric Particles (v1), Geckolib, Fabric Object Builders (v0), Fabric Networking (v0))
[22:05:41] [Realms Notification Availability checker #1/INFO] (Minecraft) Could not authorize you against Realms server: Invalid session id
[22:05:52] [Worker-Main-5/WARN] (Minecraft) Unable to load model: 'geckolib3:botariumblock#inventory' referenced from: geckolib3:botariumblock#inventory: java.io.FileNotFoundException: geckolib3:models/item/botariumblock.json
[22:05:52] [Worker-Main-5/WARN] (Minecraft) Unable to load model: 'geckolib3:fertilizerblock#inventory' referenced from: geckolib3:fertilizerblock#inventory: java.io.FileNotFoundException: geckolib3:models/item/fertilizerblock.json
[22:05:55] [main/INFO] (Minecraft) OpenAL initialized.
[22:05:55] [main/INFO] (Minecraft) Sound engine started
[22:05:56] [main/INFO] (Minecraft) Created: 1024x1024x4 minecraft:textures/atlas/blocks.png-atlas
[22:05:56] [main/INFO] (Minecraft) Created: 256x128x4 minecraft:textures/atlas/signs.png-atlas
[22:05:57] [main/INFO] (Minecraft) Created: 1024x512x4 minecraft:textures/atlas/banner_patterns.png-atlas
[22:05:57] [main/INFO] (Minecraft) Created: 1024x512x4 minecraft:textures/atlas/shield_patterns.png-atlas
[22:05:57] [main/INFO] (Minecraft) Created: 256x256x4 minecraft:textures/atlas/chest.png-atlas
[22:05:57] [main/INFO] (Minecraft) Created: 512x256x4 minecraft:textures/atlas/beds.png-atlas
[22:05:57] [main/INFO] (Minecraft) Created: 512x256x4 minecraft:textures/atlas/shulker_boxes.png-atlas
[22:05:58] [main/INFO] (Minecraft) Created: 256x256x0 minecraft:textures/atlas/particles.png-atlas
[22:05:59] [main/INFO] (Minecraft) Created: 256x256x0 minecraft:textures/atlas/paintings.png-atlas
[22:05:59] [main/INFO] (Minecraft) Created: 256x128x0 minecraft:textures/atlas/mob_effects.png-atlas
[22:06:21] [main/INFO] (Minecraft) Attempt 1...
[22:06:51] [main/WARN] (Minecraft) Ambiguity between arguments [teleport, destination] and [teleport, targets] with inputs: [Player, 0123, @e, dd12be42-52a9-4a91-a8a1-11c01849e498]
[22:06:51] [main/WARN] (Minecraft) Ambiguity between arguments [teleport, location] and [teleport, destination] with inputs: [0.1 -0.5 .9, 0 0 0]
[22:06:51] [main/WARN] (Minecraft) Ambiguity between arguments [teleport, location] and [teleport, targets] with inputs: [0.1 -0.5 .9, 0 0 0]
[22:06:51] [main/WARN] (Minecraft) Ambiguity between arguments [teleport, targets] and [teleport, destination] with inputs: [Player, 0123, dd12be42-52a9-4a91-a8a1-11c01849e498]
[22:06:51] [main/WARN] (Minecraft) Ambiguity between arguments [teleport, targets, location] and [teleport, targets, destination] with inputs: [0.1 -0.5 .9, 0 0 0]
[22:06:51] [main/INFO] (Minecraft) Reloading ResourceManager: Default, Fabric Mods (Fabric Tool Attribute API (v1))
[22:06:52] [main/INFO] (Minecraft) Loaded 7 recipes
[22:06:53] [main/INFO] (Minecraft) Loaded 927 advancements
[22:06:53] [main/INFO] (BiomeModificationImpl) Applied 0 biome modifications to 0 of 79 new biomes in 10.19 ms
[22:06:54] [main/INFO] (Minecraft) Environment: authHost='https://authserver.mojang.com', accountsHost='https://api.mojang.com', sessionHost='https://sessionserver.mojang.com', servicesHost='https://api.minecraftservices.com', name='PROD'
[22:06:55] [Server thread/INFO] (Minecraft) Starting integrated minecraft server version 1.16.5
[22:06:55] [Server thread/INFO] (Minecraft) Generating keypair
[22:07:02] [Server thread/INFO] (Minecraft) Preparing start region for dimension minecraft:overworld
[22:07:02] [main/INFO] (Minecraft) Preparing spawn area: 0%
[22:07:03] [main/INFO] (Minecraft) Preparing spawn area: 0%
[22:07:03] [main/INFO] (Minecraft) Preparing spawn area: 0%
[22:07:04] [main/INFO] (Minecraft) Preparing spawn area: 0%
[22:07:04] [main/INFO] (Minecraft) Preparing spawn area: 0%
[22:07:05] [main/INFO] (Minecraft) Preparing spawn area: 0%
[22:07:05] [main/INFO] (Minecraft) Preparing spawn area: 0%
[22:07:06] [main/INFO] (Minecraft) Preparing spawn area: 1%
[22:07:06] [main/INFO] (Minecraft) Preparing spawn area: 1%
[22:07:07] [main/INFO] (Minecraft) Preparing spawn area: 4%
[22:07:07] [main/INFO] (Minecraft) Preparing spawn area: 8%
[22:07:08] [main/INFO] (Minecraft) Preparing spawn area: 8%
[22:07:08] [main/INFO] (Minecraft) Preparing spawn area: 8%
[22:07:09] [main/INFO] (Minecraft) Preparing spawn area: 15%
[22:07:09] [main/INFO] (Minecraft) Preparing spawn area: 15%
[22:07:10] [main/INFO] (Minecraft) Preparing spawn area: 15%
[22:07:10] [main/INFO] (Minecraft) Preparing spawn area: 22%
[22:07:11] [main/INFO] (Minecraft) Preparing spawn area: 22%
[22:07:11] [main/INFO] (Minecraft) Preparing spawn area: 22%
[22:07:12] [main/INFO] (Minecraft) Preparing spawn area: 32%
[22:07:12] [main/INFO] (Minecraft) Preparing spawn area: 32%
[22:07:13] [main/INFO] (Minecraft) Preparing spawn area: 37%
[22:07:13] [main/INFO] (Minecraft) Preparing spawn area: 37%
[22:07:14] [main/INFO] (Minecraft) Preparing spawn area: 37%
[22:07:14] [main/INFO] (Minecraft) Preparing spawn area: 37%
[22:07:15] [main/INFO] (Minecraft) Preparing spawn area: 37%
[22:07:15] [main/INFO] (Minecraft) Preparing spawn area: 54%
[22:07:16] [main/INFO] (Minecraft) Preparing spawn area: 54%
[22:07:17] [main/INFO] (Minecraft) Preparing spawn area: 54%
[22:07:17] [main/INFO] (Minecraft) Preparing spawn area: 54%
[22:07:17] [main/INFO] (Minecraft) Preparing spawn area: 70%
[22:07:19] [main/INFO] (Minecraft) Preparing spawn area: 73%
[22:07:19] [main/INFO] (Minecraft) Preparing spawn area: 73%
[22:07:19] [main/INFO] (Minecraft) Preparing spawn area: 73%
[22:07:20] [main/INFO] (Minecraft) Preparing spawn area: 88%
[22:07:20] [main/INFO] (Minecraft) Preparing spawn area: 88%
[22:07:20] [main/INFO] (Minecraft) Preparing spawn area: 88%
[22:07:20] [main/INFO] (Minecraft) Time elapsed: 18090 ms
[22:07:21] [Server thread/INFO] (Minecraft) Changing view distance to 11, from 10
[22:07:30] [Server thread/INFO] (Minecraft) Player719[local:E:29b324a3] logged in with entity id 136 at (-54.5, 68.0, 143.5)
[22:07:30] [Server thread/INFO] (Minecraft) Player719 joined the game
[22:07:38] [Server thread/INFO] (Minecraft) Saving and pausing game...
[22:07:38] [Server thread/INFO] (Minecraft) Saving chunks for level 'ServerLevel[te]'/minecraft:overworld
[22:07:38] [main/INFO] (Minecraft) Loaded 0 advancements
[22:07:40] [Server thread/INFO] (Minecraft) Saving chunks for level 'ServerLevel[te]'/minecraft:the_nether
[22:07:40] [Server thread/INFO] (Minecraft) Saving chunks for level 'ServerLevel[te]'/minecraft:the_end
[22:07:40] [Server thread/WARN] (Minecraft) Can't keep up! Is the server overloaded? Running 2734ms or 54 ticks behind
[22:08:10] [Server thread/INFO] (Minecraft) [Player719: Summoned new entity.ngeuf.unit-01]
[22:08:10] [main/INFO] (Minecraft) [CHAT] Summoned new entity.ngeuf.unit-01
[22:08:12] [Server thread/INFO] (Minecraft) Stopping server
[22:08:12] [Server thread/INFO] (Minecraft) Saving players
[22:08:12] [Server thread/INFO] (Minecraft) Player719 lost connection: Server closed
[22:08:12] [Server thread/INFO] (Minecraft) Player719 left the game
[22:08:12] [Server thread/INFO] (Minecraft) Stopping singleplayer server as player logged out
[22:08:12] [Server thread/INFO] (Minecraft) Saving worlds
[22:08:12] [Server thread/INFO] (Minecraft) Saving chunks for level 'ServerLevel[te]'/minecraft:overworld
[22:08:12] [Server thread/INFO] (Minecraft) ThreadedAnvilChunkStorage (te): All chunks are saved
[22:08:12] [Server thread/INFO] (Minecraft) Saving chunks for level 'ServerLevel[te]'/minecraft:the_nether
[22:08:12] [Server thread/INFO] (Minecraft) ThreadedAnvilChunkStorage (DIM-1): All chunks are saved
[22:08:12] [Server thread/INFO] (Minecraft) Saving chunks for level 'ServerLevel[te]'/minecraft:the_end
[22:08:12] [Server thread/INFO] (Minecraft) ThreadedAnvilChunkStorage (DIM1): All chunks are saved
[22:08:12] [Server thread/INFO] (Minecraft) ThreadedAnvilChunkStorage (te): All chunks are saved
[22:08:12] [Server thread/INFO] (Minecraft) ThreadedAnvilChunkStorage (DIM-1): All chunks are saved
[22:08:12] [Server thread/INFO] (Minecraft) ThreadedAnvilChunkStorage (DIM1): All chunks are saved
[22:08:13] [main/FATAL] (Minecraft) Reported exception thrown!
net.minecraft.util.crash.CrashException: Rendering entity in world
	at net.minecraft.client.render.entity.EntityRenderDispatcher.render(EntityRenderDispatcher.java:283) ~[minecraft-1.16.5-mapped-net.fabricmc.yarn-1.16.5+build.1-v2.jar:?]
	at net.minecraft.client.render.WorldRenderer.renderEntity(WorldRenderer.java:1261) ~[minecraft-1.16.5-mapped-net.fabricmc.yarn-1.16.5+build.1-v2.jar:?]
	at net.minecraft.client.render.WorldRenderer.render(WorldRenderer.java:1246) ~[minecraft-1.16.5-mapped-net.fabricmc.yarn-1.16.5+build.1-v2.jar:?]
	at net.minecraft.client.render.GameRenderer.renderWorld(GameRenderer.java:624) ~[minecraft-1.16.5-mapped-net.fabricmc.yarn-1.16.5+build.1-v2.jar:?]
	at net.minecraft.client.render.GameRenderer.render(GameRenderer.java:424) ~[minecraft-1.16.5-mapped-net.fabricmc.yarn-1.16.5+build.1-v2.jar:?]
	at net.minecraft.client.MinecraftClient.render(MinecraftClient.java:1007) ~[minecraft-1.16.5-mapped-net.fabricmc.yarn-1.16.5+build.1-v2.jar:?]
	at net.minecraft.client.MinecraftClient.run(MinecraftClient.java:624) [minecraft-1.16.5-mapped-net.fabricmc.yarn-1.16.5+build.1-v2.jar:?]
	at net.minecraft.client.main.Main.main(Main.java:187) [minecraft-1.16.5-mapped-net.fabricmc.yarn-1.16.5+build.1-v2.jar:?]
	at sun.reflect.NativeMethodAccessorImpl.invoke0(Native Method) ~[?:1.8.0_271]
	at sun.reflect.NativeMethodAccessorImpl.invoke(NativeMethodAccessorImpl.java:62) ~[?:1.8.0_271]
	at sun.reflect.DelegatingMethodAccessorImpl.invoke(DelegatingMethodAccessorImpl.java:43) ~[?:1.8.0_271]
	at java.lang.reflect.Method.invoke(Method.java:498) ~[?:1.8.0_271]
	at net.fabricmc.loader.game.MinecraftGameProvider.launch(MinecraftGameProvider.java:226) [fabric-loader-0.11.1@net.fabricmc.yarn.1_16_5.1.16.5+build.1-v2.jar:?]
	at net.fabricmc.loader.launch.knot.Knot.init(Knot.java:139) [fabric-loader-0.11.1@net.fabricmc.yarn.1_16_5.1.16.5+build.1-v2.jar:?]
	at net.fabricmc.loader.launch.knot.KnotClient.main(KnotClient.java:27) [fabric-loader-0.11.1@net.fabricmc.yarn.1_16_5.1.16.5+build.1-v2.jar:?]
	at net.fabricmc.devlaunchinjector.Main.main(Main.java:86) [dev-launch-injector-0.2.1+build.8.jar:?]
Caused by: java.lang.NullPointerException
	at software.bernie.geckolib3.model.AnimatedGeoModel.setLivingAnimations(AnimatedGeoModel.java:49) ~[geckolib-fabric-1.16.5-3.0.20@net.fabricmc.yarn.1_16_5.1.16.5+build.1-v2-dev.jar:?]
	at software.bernie.geckolib3.model.AnimatedGeoModel.setLivingAnimations(AnimatedGeoModel.java:28) ~[geckolib-fabric-1.16.5-3.0.20@net.fabricmc.yarn.1_16_5.1.16.5+build.1-v2-dev.jar:?]
	at software.bernie.geckolib3.renderer.geo.GeoEntityRenderer.render(GeoEntityRenderer.java:151) ~[geckolib-fabric-1.16.5-3.0.20@net.fabricmc.yarn.1_16_5.1.16.5+build.1-v2-dev.jar:?]
	at software.bernie.geckolib3.renderer.geo.GeoEntityRenderer.render(GeoEntityRenderer.java:41) ~[geckolib-fabric-1.16.5-3.0.20@net.fabricmc.yarn.1_16_5.1.16.5+build.1-v2-dev.jar:?]
	at net.minecraft.client.render.entity.EntityRenderDispatcher.render(EntityRenderDispatcher.java:255) ~[minecraft-1.16.5-mapped-net.fabricmc.yarn-1.16.5+build.1-v2.jar:?]
	... 15 more
